{
  "RSpec": {
    "coverage": {
      "/Users/mac/Work/Playground/ruby/workspace/CoderTicket/spec/controllers/events_controller_spec.rb": [
        1,
        null,
        1,
        null,
        1,
        2,
        1,
        1,
        null,
        null,
        null,
        null,
        null,
        null,
        null,
        null,
        null
      ],
      "/Users/mac/Work/Playground/ruby/workspace/CoderTicket/spec/rails_helper.rb": [
        null,
        1,
        1,
        null,
        1,
        1,
        1,
        null,
        null,
        null,
        null,
        null,
        null,
        null,
        null,
        null,
        null,
        null,
        null,
        null,
        null,
        null,
        null,
        null,
        null,
        null,
        1,
        null,
        1,
        null,
        1,
        null,
        null,
        null,
        null,
        1,
        null,
        null,
        null,
        null,
        null,
        null,
        null,
        null,
        null,
        null,
        null,
        null,
        null,
        null,
        1,
        null,
        null,
        1,
        null,
        null,
        null
      ],
      "/Users/mac/Work/Playground/ruby/workspace/CoderTicket/config/environment.rb": [
        null,
        1,
        null,
        null,
        1
      ],
      "/Users/mac/Work/Playground/ruby/workspace/CoderTicket/config/application.rb": [
        1,
        null,
        1,
        null,
        null,
        null,
        1,
        null,
        1,
        1,
        null,
        null,
        null,
        null,
        null,
        null,
        null,
        null,
        null,
        null,
        null,
        null,
        null,
        null,
        null,
        null
      ],
      "/Users/mac/Work/Playground/ruby/workspace/CoderTicket/config/boot.rb": [
        1,
        null,
        1,
        null,
        null,
        1,
        1,
        1,
        1,
        1,
        0,
        null,
        null,
        null
      ],
      "/Users/mac/Work/Playground/ruby/workspace/CoderTicket/config/environments/test.rb": [
        1,
        null,
        null,
        null,
        null,
        null,
        null,
        1,
        null,
        null,
        null,
        null,
        1,
        null,
        null,
        1,
        1,
        null,
        null,
        1,
        1,
        null,
        null,
        1,
        null,
        null,
        1,
        null,
        null,
        null,
        null,
        1,
        null,
        null,
        1,
        null,
        null,
        1,
        null,
        null,
        null,
        null
      ],
      "/Users/mac/Work/Playground/ruby/workspace/CoderTicket/config/initializers/assets.rb": [
        null,
        null,
        null,
        1,
        null,
        null,
        null,
        null,
        null,
        null,
        null
      ],
      "/Users/mac/Work/Playground/ruby/workspace/CoderTicket/config/initializers/backtrace_silencers.rb": [
        null,
        null,
        null,
        null,
        null,
        null,
        null
      ],
      "/Users/mac/Work/Playground/ruby/workspace/CoderTicket/config/initializers/cookies_serializer.rb": [
        null,
        null,
        1
      ],
      "/Users/mac/Work/Playground/ruby/workspace/CoderTicket/config/initializers/filter_parameter_logging.rb": [
        null,
        null,
        null,
        1
      ],
      "/Users/mac/Work/Playground/ruby/workspace/CoderTicket/config/initializers/inflections.rb": [
        null,
        null,
        null,
        null,
        null,
        null,
        null,
        null,
        null,
        null,
        null,
        null,
        null,
        null,
        null,
        null
      ],
      "/Users/mac/Work/Playground/ruby/workspace/CoderTicket/config/initializers/mime_types.rb": [
        null,
        null,
        null,
        null
      ],
      "/Users/mac/Work/Playground/ruby/workspace/CoderTicket/config/initializers/session_store.rb": [
        null,
        null,
        1
      ],
      "/Users/mac/Work/Playground/ruby/workspace/CoderTicket/config/initializers/simple_form.rb": [
        null,
        1,
        null,
        null,
        null,
        null,
        null,
        1,
        null,
        null,
        null,
        null,
        null,
        null,
        null,
        null,
        null,
        1,
        null,
        null,
        null,
        1,
        null,
        null,
        null,
        null,
        null,
        null,
        null,
        null,
        1,
        null,
        null,
        1,
        null,
        null,
        1,
        null,
        null,
        1,
        null,
        null,
        1,
        1,
        1,
        null,
        null,
        null,
        null,
        null,
        null,
        null,
        null,
        null,
        1,
        null,
        null,
        null,
        null,
        null,
        1,
        null,
        null,
        1,
        null,
        null,
        null,
        null,
        null,
        null,
        null,
        1,
        null,
        null,
        1,
        null,
        null,
        null,
        null,
        null,
        null,
        null,
        null,
        null,
        null,
        null,
        null,
        null,
        null,
        null,
        null,
        null,
        null,
        null,
        null,
        null,
        null,
        null,
        null,
        null,
        null,
        null,
        null,
        null,
        null,
        null,
        null,
        null,
        null,
        null,
        null,
        null,
        null,
        null,
        null,
        null,
        null,
        null,
        null,
        1,
        null,
        null,
        null,
        null,
        null,
        null,
        null,
        null,
        null,
        null,
        null,
        null,
        null,
        null,
        null,
        null,
        null,
        null,
        null,
        null,
        null,
        null,
        null,
        null,
        null,
        null,
        null,
        null,
        null,
        null,
        null,
        null,
        null,
        null,
        null,
        null,
        1,
        null,
        null,
        null,
        null,
        null,
        null,
        null,
        null
      ],
      "/Users/mac/Work/Playground/ruby/workspace/CoderTicket/config/initializers/simple_form_bootstrap.rb": [
        null,
        1,
        1,
        1,
        1,
        null,
        1,
        1,
        1,
        1,
        1,
        1,
        1,
        1,
        null,
        1,
        1,
        1,
        null,
        null,
        1,
        1,
        1,
        1,
        1,
        1,
        null,
        1,
        1,
        1,
        null,
        null,
        1,
        1,
        1,
        null,
        1,
        1,
        null,
        null,
        1,
        1,
        null,
        null,
        1,
        1,
        1,
        1,
        1,
        1,
        1,
        null,
        null,
        1,
        1,
        1,
        1,
        1,
        1,
        1,
        1,
        null,
        1,
        1,
        1,
        1,
        null,
        null,
        null,
        1,
        1,
        1,
        1,
        1,
        1,
        null,
        1,
        1,
        1,
        1,
        null,
        null,
        null,
        1,
        1,
        1,
        null,
        1,
        1,
        1,
        null,
        null,
        1,
        1,
        null,
        null,
        null,
        1,
        1,
        1,
        null,
        1,
        null,
        1,
        1,
        1,
        1,
        null,
        null,
        null,
        1,
        1,
        1,
        1,
        1,
        1,
        1,
        1,
        null,
        1,
        1,
        1,
        null,
        null,
        1,
        1,
        1,
        1,
        1,
        1,
        1,
        1,
        null,
        null,
        null,
        null,
        null,
        null,
        1,
        1,
        null,
        null,
        null,
        null,
        null,
        null,
        null,
        null,
        null
      ],
      "/Users/mac/Work/Playground/ruby/workspace/CoderTicket/config/initializers/wrap_parameters.rb": [
        null,
        null,
        null,
        null,
        null,
        null,
        1,
        2,
        null,
        null,
        null,
        null,
        null,
        null
      ],
      "/Users/mac/Work/Playground/ruby/workspace/CoderTicket/config/routes.rb": [
        1,
        null,
        1,
        null,
        1,
        1,
        1,
        1,
        null,
        1,
        1,
        null,
        1,
        1,
        1,
        1,
        null,
        null,
        null,
        null,
        null,
        null,
        null,
        null,
        null,
        null,
        null,
        null,
        null,
        null,
        null,
        null,
        null,
        null,
        null,
        null,
        null,
        null,
        null,
        null,
        null,
        null,
        null,
        null,
        null,
        null,
        null,
        null,
        null,
        null,
        null,
        null,
        null,
        null,
        null,
        null,
        null,
        null,
        null,
        null,
        null,
        null,
        null,
        null,
        null,
        null,
        null,
        null,
        null,
        null,
        null,
        null
      ],
      "/Users/mac/Work/Playground/ruby/workspace/CoderTicket/app/helpers/application_helper.rb": [
        1,
        null,
        1,
        2,
        null,
        null,
        1,
        null,
        2,
        2,
        null,
        2,
        null,
        null,
        1,
        2,
        2,
        2,
        2,
        48,
        96,
        null,
        null,
        null,
        2,
        null,
        null
      ],
      "/Users/mac/Work/Playground/ruby/workspace/CoderTicket/app/helpers/events_helper.rb": [
        1,
        1,
        1,
        null,
        null
      ],
      "/Users/mac/Work/Playground/ruby/workspace/CoderTicket/app/helpers/sessions_helper.rb": [
        1,
        null
      ],
      "/Users/mac/Work/Playground/ruby/workspace/CoderTicket/app/helpers/tickets_helper.rb": [
        1,
        null
      ],
      "/Users/mac/Work/Playground/ruby/workspace/CoderTicket/app/helpers/users_helper.rb": [
        1,
        null
      ],
      "/Users/mac/Work/Playground/ruby/workspace/CoderTicket/app/controllers/events_controller.rb": [
        1,
        1,
        1,
        null,
        1,
        1,
        null,
        null,
        1,
        0,
        null,
        null,
        1,
        0,
        0,
        null,
        null,
        0,
        0,
        0,
        0,
        null,
        null,
        1,
        0,
        null,
        0,
        0,
        null,
        null,
        0,
        null,
        null,
        0,
        0,
        0,
        0,
        null,
        null,
        1,
        0,
        0,
        null,
        null,
        0,
        0,
        0,
        0,
        null,
        null,
        null,
        0,
        0,
        0,
        0,
        null,
        null,
        0,
        0,
        0,
        0,
        0,
        0,
        0,
        null,
        null,
        null,
        0,
        0,
        null,
        null,
        0,
        0,
        null,
        null,
        0,
        null,
        0,
        null,
        0,
        0,
        0,
        null,
        null,
        null,
        1,
        0,
        0,
        null,
        null,
        0,
        0,
        0,
        0,
        null,
        0,
        0,
        0,
        0,
        0,
        0,
        null,
        null,
        0,
        null,
        0,
        null,
        0,
        0,
        0,
        null,
        null,
        0,
        0,
        null,
        null,
        0,
        0,
        0,
        0,
        null,
        0,
        null,
        null,
        null,
        null,
        0,
        null,
        null,
        0,
        0,
        0,
        0,
        0,
        null,
        null,
        null,
        1,
        0,
        null,
        null,
        1,
        0,
        null,
        0,
        0,
        0,
        null,
        null,
        0,
        0,
        0,
        0,
        null,
        0,
        0,
        null,
        null,
        null,
        null,
        1,
        1,
        0,
        0,
        0,
        null,
        1,
        0,
        null,
        1,
        0,
        null,
        1,
        0,
        null,
        1,
        0,
        null,
        1,
        0,
        null,
        1,
        0,
        null,
        1,
        0,
        null,
        null
      ],
      "/Users/mac/Work/Playground/ruby/workspace/CoderTicket/app/controllers/application_controller.rb": [
        1,
        null,
        null,
        1,
        1,
        null,
        1,
        0,
        null,
        null,
        1,
        0,
        null,
        null,
        1,
        0,
        null,
        null,
        1,
        0,
        null,
        null,
        null
      ],
      "/Users/mac/Work/Playground/ruby/workspace/CoderTicket/spec/controllers/sessions_controller_spec.rb": [
        1,
        null,
        1,
        null,
        1,
        1,
        1,
        1,
        null,
        null,
        null,
        1,
        1,
        1,
        1,
        null,
        null,
        null,
        1,
        1,
        null,
        1,
        null,
        null,
        null,
        null
      ],
      "/Users/mac/Work/Playground/ruby/workspace/CoderTicket/app/controllers/sessions_controller.rb": [
        1,
        1,
        null,
        null,
        1,
        1,
        1,
        0,
        0,
        0,
        null,
        1,
        1,
        null,
        null,
        null,
        1,
        0,
        0,
        null,
        null
      ],
      "/Users/mac/Work/Playground/ruby/workspace/CoderTicket/spec/controllers/users_controller_spec.rb": [
        1,
        null,
        1,
        null,
        1,
        1,
        1,
        1,
        null,
        null,
        null,
        1,
        1,
        1,
        1,
        null,
        null,
        1,
        1,
        1,
        null,
        null,
        null,
        null,
        null
      ],
      "/Users/mac/Work/Playground/ruby/workspace/CoderTicket/app/controllers/users_controller.rb": [
        1,
        1,
        1,
        null,
        null,
        1,
        2,
        2,
        1,
        1,
        null,
        1,
        1,
        null,
        null,
        null,
        1,
        1,
        2,
        null,
        null
      ],
      "/Users/mac/Work/Playground/ruby/workspace/CoderTicket/spec/helpers/application_helper_spec.rb": [
        1,
        null,
        null,
        null,
        null,
        null,
        null,
        null,
        null,
        null,
        null,
        null,
        1,
        1,
        1,
        1,
        null,
        1,
        1,
        null,
        null,
        null,
        1,
        1,
        1,
        1,
        1,
        null,
        null,
        null
      ],
      "/Users/mac/Work/Playground/ruby/workspace/CoderTicket/spec/helpers/events_helper_spec.rb": [
        1,
        null,
        null,
        null,
        null,
        null,
        null,
        null,
        null,
        null,
        null,
        null,
        1,
        1,
        1,
        1,
        null,
        null,
        null
      ],
      "/Users/mac/Work/Playground/ruby/workspace/CoderTicket/spec/helpers/sessions_helper_spec.rb": [
        1,
        null,
        null,
        null,
        null,
        null,
        null,
        null,
        null,
        null,
        null,
        null,
        1,
        1,
        null
      ],
      "/Users/mac/Work/Playground/ruby/workspace/CoderTicket/spec/helpers/users_helper_spec.rb": [
        1,
        null,
        null,
        null,
        null,
        null,
        null,
        null,
        null,
        null,
        null,
        null,
        1,
        1,
        null
      ],
      "/Users/mac/Work/Playground/ruby/workspace/CoderTicket/spec/models/event_spec.rb": [
        1,
        null,
        1,
        1,
        null,
        null,
        null,
        null,
        1,
        1,
        4,
        4,
        null,
        null,
        1,
        1,
        null,
        1,
        1,
        null,
        1,
        1,
        null,
        1,
        1,
        null,
        null,
        null,
        1,
        1,
        1,
        null,
        1,
        1,
        null,
        1,
        null,
        null,
        1,
        1,
        2,
        null,
        2,
        null,
        null,
        1,
        1,
        null,
        1,
        null,
        null,
        1,
        1,
        1,
        null,
        1,
        null,
        null,
        null,
        1,
        1,
        1,
        1,
        1,
        1,
        null,
        null,
        1,
        1,
        null,
        1,
        null,
        null,
        null,
        1,
        1,
        3,
        null,
        null,
        1,
        1,
        null,
        null,
        1,
        1,
        1,
        null,
        null,
        1,
        1,
        1,
        null,
        null,
        null,
        null
      ],
      "/Users/mac/Work/Playground/ruby/workspace/CoderTicket/app/models/event.rb": [
        1,
        1,
        1,
        1,
        1,
        null,
        1,
        1,
        null,
        1,
        0,
        null,
        null,
        1,
        0,
        null,
        null,
        1,
        0,
        null,
        1,
        0,
        null,
        null,
        1,
        1,
        null,
        null,
        1,
        3,
        null,
        null,
        1,
        1,
        null,
        null,
        1,
        0,
        null,
        null,
        1,
        5,
        null,
        null,
        null
      ],
      "/Users/mac/Work/Playground/ruby/workspace/CoderTicket/spec/models/order_item_spec.rb": [
        1,
        null,
        1,
        1,
        null
      ],
      "/Users/mac/Work/Playground/ruby/workspace/CoderTicket/app/models/order_item.rb": [
        1,
        1,
        1,
        1,
        1,
        null
      ],
      "/Users/mac/Work/Playground/ruby/workspace/CoderTicket/app/models/application_record.rb": [
        1,
        1,
        null
      ],
      "/Users/mac/Work/Playground/ruby/workspace/CoderTicket/spec/models/order_spec.rb": [
        1,
        null,
        1,
        1,
        null
      ],
      "/Users/mac/Work/Playground/ruby/workspace/CoderTicket/app/models/order.rb": [
        1,
        1,
        1,
        1,
        1,
        1,
        null,
        1,
        null,
        null
      ],
      "/Users/mac/Work/Playground/ruby/workspace/CoderTicket/spec/models/region_spec.rb": [
        1,
        null,
        1,
        null,
        null,
        1,
        1,
        5,
        null,
        null,
        null,
        1,
        6,
        null,
        1,
        null,
        null,
        null
      ],
      "/Users/mac/Work/Playground/ruby/workspace/CoderTicket/app/models/region.rb": [
        1,
        1,
        1,
        null
      ],
      "/Users/mac/Work/Playground/ruby/workspace/CoderTicket/spec/models/user_spec.rb": [
        1,
        null,
        1,
        1,
        null
      ],
      "/Users/mac/Work/Playground/ruby/workspace/CoderTicket/app/models/user.rb": [
        1,
        1,
        1,
        1,
        1,
        null
      ],
      "/Users/mac/Work/Playground/ruby/workspace/CoderTicket/spec/models/venue_spec.rb": [
        1,
        null,
        1,
        1,
        1,
        1,
        1,
        1,
        null,
        1,
        null,
        null,
        null,
        null
      ],
      "/Users/mac/Work/Playground/ruby/workspace/CoderTicket/app/models/venue.rb": [
        1,
        1,
        1,
        1,
        null
      ],
      "/Users/mac/Work/Playground/ruby/workspace/CoderTicket/spec/routing/event_spec.rb": [
        1,
        null,
        null,
        1,
        null,
        null,
        null,
        1,
        1,
        null,
        null,
        1,
        1,
        null,
        null,
        null,
        null,
        null
      ],
      "/Users/mac/Work/Playground/ruby/workspace/CoderTicket/spec/routing/session_spec.rb": [
        1,
        null,
        1,
        null,
        null,
        null,
        1,
        1,
        null,
        null,
        1,
        1,
        null,
        null,
        1,
        1,
        null,
        null,
        null,
        null,
        null
      ],
      "/Users/mac/Work/Playground/ruby/workspace/CoderTicket/spec/views/sessions/create.html.erb_spec.rb": [
        1,
        null,
        1,
        1,
        null
      ],
      "/Users/mac/Work/Playground/ruby/workspace/CoderTicket/spec/views/sessions/destroy.html.erb_spec.rb": [
        1,
        null,
        1,
        1,
        null
      ],
      "/Users/mac/Work/Playground/ruby/workspace/CoderTicket/spec/views/sessions/new.html.erb_spec.rb": [
        1,
        null,
        1,
        null,
        1,
        1,
        null,
        1,
        null,
        null,
        1,
        1,
        null,
        1,
        null,
        null,
        1,
        1,
        null,
        1,
        null,
        null,
        1,
        1,
        null,
        1,
        null,
        null,
        null
      ],
      "/Users/mac/Work/Playground/ruby/workspace/CoderTicket/spec/views/users/create.html.erb_spec.rb": [
        1,
        null,
        1,
        1,
        null
      ],
      "/Users/mac/Work/Playground/ruby/workspace/CoderTicket/spec/views/users/new.html.erb_spec.rb": [
        1,
        null,
        1,
        null,
        1,
        2,
        2,
        null,
        null,
        1,
        1,
        null,
        null,
        1,
        1,
        1,
        1,
        1,
        1,
        null,
        null,
        null
      ],
      "/Users/mac/Work/Playground/ruby/workspace/CoderTicket/app/models/category.rb": [
        1,
        1,
        1,
        null
      ],
      "/Users/mac/Work/Playground/ruby/workspace/CoderTicket/app/models/ticket_type.rb": [
        1,
        1,
        null
      ]
    },
    "timestamp": 1499008796
  }
}
